<?xml version="1.0" encoding="UTF-8"?>
<!-- Generated by org.testng.reporters.JUnitReportReporter -->
<testsuite hostname="MAC-GALVAREZB-proyecto-Robin.local" failures="0" tests="1" name="testBrowsers.TestFirefox_03" time="21.752" errors="0" timestamp="2025-02-19T12:32:12 CST" skipped="0">
  <testcase classname="testBrowsers.TestFirefox_03" name="loginInspection" time="21.752"/>
  <system-out/>
</testsuite> <!-- testBrowsers.TestFirefox_03 -->
